<?xml version="1.0" encoding="UTF-8"?>
<testsuite xmlns:xsi="http://www.w3.org/2001/XMLSchema-instance" xsi:noNamespaceSchemaLocation="https://maven.apache.org/surefire/maven-surefire-plugin/xsd/surefire-test-report-3.0.xsd" version="3.0" name="TestRunner.TestRunner" time="140.434" tests="36" errors="0" skipped="0" failures="0">
  <properties>
    <property name="sun.desktop" value="windows"/>
    <property name="awt.toolkit" value="sun.awt.windows.WToolkit"/>
    <property name="file.encoding.pkg" value="sun.io"/>
    <property name="java.specification.version" value="1.8"/>
    <property name="sun.cpu.isalist" value="amd64"/>
    <property name="sun.jnu.encoding" value="Cp1252"/>
    <property name="java.class.path" value="C:\Users\vkjai\eclipse-workspace\FreeCRMdemo_C\target\test-classes;C:\Users\vkjai\eclipse-workspace\FreeCRMdemo_C\target\classes;C:\Users\vkjai\.m2\repository\info\cukes\cucumber-junit\1.2.5\cucumber-junit-1.2.5.jar;C:\Users\vkjai\.m2\repository\info\cukes\cucumber-java\1.2.5\cucumber-java-1.2.5.jar;C:\Users\vkjai\.m2\repository\info\cukes\gherkin\2.12.2\gherkin-2.12.2.jar;C:\Users\vkjai\.m2\repository\info\cukes\cucumber-jvm-deps\1.0.5\cucumber-jvm-deps-1.0.5.jar;C:\Users\vkjai\.m2\repository\info\cukes\gherkin-jvm-deps\1.0.3\gherkin-jvm-deps-1.0.3.jar;C:\Users\vkjai\.m2\repository\org\seleniumhq\selenium\selenium-java\3.141.5\selenium-java-3.141.5.jar;C:\Users\vkjai\.m2\repository\org\seleniumhq\selenium\selenium-api\3.141.5\selenium-api-3.141.5.jar;C:\Users\vkjai\.m2\repository\org\seleniumhq\selenium\selenium-edge-driver\3.141.5\selenium-edge-driver-3.141.5.jar;C:\Users\vkjai\.m2\repository\org\seleniumhq\selenium\selenium-firefox-driver\3.141.5\selenium-firefox-driver-3.141.5.jar;C:\Users\vkjai\.m2\repository\org\seleniumhq\selenium\selenium-ie-driver\3.141.5\selenium-ie-driver-3.141.5.jar;C:\Users\vkjai\.m2\repository\org\seleniumhq\selenium\selenium-opera-driver\3.141.5\selenium-opera-driver-3.141.5.jar;C:\Users\vkjai\.m2\repository\org\seleniumhq\selenium\selenium-remote-driver\3.141.5\selenium-remote-driver-3.141.5.jar;C:\Users\vkjai\.m2\repository\org\seleniumhq\selenium\selenium-safari-driver\3.141.5\selenium-safari-driver-3.141.5.jar;C:\Users\vkjai\.m2\repository\org\seleniumhq\selenium\selenium-support\3.141.5\selenium-support-3.141.5.jar;C:\Users\vkjai\.m2\repository\net\bytebuddy\byte-buddy\1.8.15\byte-buddy-1.8.15.jar;C:\Users\vkjai\.m2\repository\org\apache\commons\commons-exec\1.3\commons-exec-1.3.jar;C:\Users\vkjai\.m2\repository\com\google\guava\guava\25.0-jre\guava-25.0-jre.jar;C:\Users\vkjai\.m2\repository\com\google\code\findbugs\jsr305\1.3.9\jsr305-1.3.9.jar;C:\Users\vkjai\.m2\repository\org\checkerframework\checker-compat-qual\2.0.0\checker-compat-qual-2.0.0.jar;C:\Users\vkjai\.m2\repository\com\google\errorprone\error_prone_annotations\2.1.3\error_prone_annotations-2.1.3.jar;C:\Users\vkjai\.m2\repository\com\google\j2objc\j2objc-annotations\1.1\j2objc-annotations-1.1.jar;C:\Users\vkjai\.m2\repository\org\codehaus\mojo\animal-sniffer-annotations\1.14\animal-sniffer-annotations-1.14.jar;C:\Users\vkjai\.m2\repository\com\squareup\okhttp3\okhttp\3.11.0\okhttp-3.11.0.jar;C:\Users\vkjai\.m2\repository\com\squareup\okio\okio\1.14.0\okio-1.14.0.jar;C:\Users\vkjai\.m2\repository\org\seleniumhq\selenium\selenium-chrome-driver\3.141.59\selenium-chrome-driver-3.141.59.jar;C:\Users\vkjai\.m2\repository\net\masterthought\cucumber-reporting\4.2.2\cucumber-reporting-4.2.2.jar;C:\Users\vkjai\.m2\repository\com\fasterxml\jackson\core\jackson-databind\2.9.6\jackson-databind-2.9.6.jar;C:\Users\vkjai\.m2\repository\com\fasterxml\jackson\core\jackson-annotations\2.9.0\jackson-annotations-2.9.0.jar;C:\Users\vkjai\.m2\repository\com\fasterxml\jackson\core\jackson-core\2.9.6\jackson-core-2.9.6.jar;C:\Users\vkjai\.m2\repository\org\apache\velocity\velocity\1.7\velocity-1.7.jar;C:\Users\vkjai\.m2\repository\commons-collections\commons-collections\3.2.1\commons-collections-3.2.1.jar;C:\Users\vkjai\.m2\repository\commons-lang\commons-lang\2.4\commons-lang-2.4.jar;C:\Users\vkjai\.m2\repository\velocity-tools\velocity-tools\1.4\velocity-tools-1.4.jar;C:\Users\vkjai\.m2\repository\joda-time\joda-time\2.10\joda-time-2.10.jar;C:\Users\vkjai\.m2\repository\org\apache\commons\commons-lang3\3.7\commons-lang3-3.7.jar;C:\Users\vkjai\.m2\repository\commons-io\commons-io\2.6\commons-io-2.6.jar;C:\Users\vkjai\.m2\repository\net\lingala\zip4j\zip4j\1.3.2\zip4j-1.3.2.jar;C:\Users\vkjai\.m2\repository\org\codehaus\plexus\plexus-utils\3.1.0\plexus-utils-3.1.0.jar;C:\Users\vkjai\.m2\repository\org\jsoup\jsoup\1.11.3\jsoup-1.11.3.jar;C:\Users\vkjai\.m2\repository\com\googlecode\owasp-java-html-sanitizer\owasp-java-html-sanitizer\20180219.1\owasp-java-html-sanitizer-20180219.1.jar;C:\Users\vkjai\.m2\repository\commons-configuration\commons-configuration\1.10\commons-configuration-1.10.jar;C:\Users\vkjai\.m2\repository\commons-logging\commons-logging\1.1.1\commons-logging-1.1.1.jar;C:\Users\vkjai\.m2\repository\info\cukes\cucumber-core\1.2.5\cucumber-core-1.2.5.jar;C:\Users\vkjai\.m2\repository\info\cukes\cucumber-html\0.2.3\cucumber-html-0.2.3.jar;C:\Users\vkjai\.m2\repository\junit\junit\4.12\junit-4.12.jar;C:\Users\vkjai\.m2\repository\org\hamcrest\hamcrest-core\1.3\hamcrest-core-1.3.jar;"/>
    <property name="java.vm.vendor" value="Oracle Corporation"/>
    <property name="sun.arch.data.model" value="64"/>
    <property name="user.variant" value=""/>
    <property name="java.vendor.url" value="http://java.oracle.com/"/>
    <property name="user.timezone" value="Asia/Calcutta"/>
    <property name="java.vm.specification.version" value="1.8"/>
    <property name="os.name" value="Windows 10"/>
    <property name="user.country" value="US"/>
    <property name="sun.java.launcher" value="SUN_STANDARD"/>
    <property name="sun.boot.library.path" value="C:\Program Files\Java\jdk1.8.0_162\jre\bin"/>
    <property name="sun.java.command" value="C:\Users\vkjai\AppData\Local\Temp\surefire6109126357284958145\surefirebooter8271386386884764800.jar C:\Users\vkjai\AppData\Local\Temp\surefire6109126357284958145 2019-04-21T20-59-21_053-jvmRun1 surefire2052973850229527101tmp surefire_0977340348825441856tmp"/>
    <property name="surefire.test.class.path" value="C:\Users\vkjai\eclipse-workspace\FreeCRMdemo_C\target\test-classes;C:\Users\vkjai\eclipse-workspace\FreeCRMdemo_C\target\classes;C:\Users\vkjai\.m2\repository\info\cukes\cucumber-junit\1.2.5\cucumber-junit-1.2.5.jar;C:\Users\vkjai\.m2\repository\info\cukes\cucumber-java\1.2.5\cucumber-java-1.2.5.jar;C:\Users\vkjai\.m2\repository\info\cukes\gherkin\2.12.2\gherkin-2.12.2.jar;C:\Users\vkjai\.m2\repository\info\cukes\cucumber-jvm-deps\1.0.5\cucumber-jvm-deps-1.0.5.jar;C:\Users\vkjai\.m2\repository\info\cukes\gherkin-jvm-deps\1.0.3\gherkin-jvm-deps-1.0.3.jar;C:\Users\vkjai\.m2\repository\org\seleniumhq\selenium\selenium-java\3.141.5\selenium-java-3.141.5.jar;C:\Users\vkjai\.m2\repository\org\seleniumhq\selenium\selenium-api\3.141.5\selenium-api-3.141.5.jar;C:\Users\vkjai\.m2\repository\org\seleniumhq\selenium\selenium-edge-driver\3.141.5\selenium-edge-driver-3.141.5.jar;C:\Users\vkjai\.m2\repository\org\seleniumhq\selenium\selenium-firefox-driver\3.141.5\selenium-firefox-driver-3.141.5.jar;C:\Users\vkjai\.m2\repository\org\seleniumhq\selenium\selenium-ie-driver\3.141.5\selenium-ie-driver-3.141.5.jar;C:\Users\vkjai\.m2\repository\org\seleniumhq\selenium\selenium-opera-driver\3.141.5\selenium-opera-driver-3.141.5.jar;C:\Users\vkjai\.m2\repository\org\seleniumhq\selenium\selenium-remote-driver\3.141.5\selenium-remote-driver-3.141.5.jar;C:\Users\vkjai\.m2\repository\org\seleniumhq\selenium\selenium-safari-driver\3.141.5\selenium-safari-driver-3.141.5.jar;C:\Users\vkjai\.m2\repository\org\seleniumhq\selenium\selenium-support\3.141.5\selenium-support-3.141.5.jar;C:\Users\vkjai\.m2\repository\net\bytebuddy\byte-buddy\1.8.15\byte-buddy-1.8.15.jar;C:\Users\vkjai\.m2\repository\org\apache\commons\commons-exec\1.3\commons-exec-1.3.jar;C:\Users\vkjai\.m2\repository\com\google\guava\guava\25.0-jre\guava-25.0-jre.jar;C:\Users\vkjai\.m2\repository\com\google\code\findbugs\jsr305\1.3.9\jsr305-1.3.9.jar;C:\Users\vkjai\.m2\repository\org\checkerframework\checker-compat-qual\2.0.0\checker-compat-qual-2.0.0.jar;C:\Users\vkjai\.m2\repository\com\google\errorprone\error_prone_annotations\2.1.3\error_prone_annotations-2.1.3.jar;C:\Users\vkjai\.m2\repository\com\google\j2objc\j2objc-annotations\1.1\j2objc-annotations-1.1.jar;C:\Users\vkjai\.m2\repository\org\codehaus\mojo\animal-sniffer-annotations\1.14\animal-sniffer-annotations-1.14.jar;C:\Users\vkjai\.m2\repository\com\squareup\okhttp3\okhttp\3.11.0\okhttp-3.11.0.jar;C:\Users\vkjai\.m2\repository\com\squareup\okio\okio\1.14.0\okio-1.14.0.jar;C:\Users\vkjai\.m2\repository\org\seleniumhq\selenium\selenium-chrome-driver\3.141.59\selenium-chrome-driver-3.141.59.jar;C:\Users\vkjai\.m2\repository\net\masterthought\cucumber-reporting\4.2.2\cucumber-reporting-4.2.2.jar;C:\Users\vkjai\.m2\repository\com\fasterxml\jackson\core\jackson-databind\2.9.6\jackson-databind-2.9.6.jar;C:\Users\vkjai\.m2\repository\com\fasterxml\jackson\core\jackson-annotations\2.9.0\jackson-annotations-2.9.0.jar;C:\Users\vkjai\.m2\repository\com\fasterxml\jackson\core\jackson-core\2.9.6\jackson-core-2.9.6.jar;C:\Users\vkjai\.m2\repository\org\apache\velocity\velocity\1.7\velocity-1.7.jar;C:\Users\vkjai\.m2\repository\commons-collections\commons-collections\3.2.1\commons-collections-3.2.1.jar;C:\Users\vkjai\.m2\repository\commons-lang\commons-lang\2.4\commons-lang-2.4.jar;C:\Users\vkjai\.m2\repository\velocity-tools\velocity-tools\1.4\velocity-tools-1.4.jar;C:\Users\vkjai\.m2\repository\joda-time\joda-time\2.10\joda-time-2.10.jar;C:\Users\vkjai\.m2\repository\org\apache\commons\commons-lang3\3.7\commons-lang3-3.7.jar;C:\Users\vkjai\.m2\repository\commons-io\commons-io\2.6\commons-io-2.6.jar;C:\Users\vkjai\.m2\repository\net\lingala\zip4j\zip4j\1.3.2\zip4j-1.3.2.jar;C:\Users\vkjai\.m2\repository\org\codehaus\plexus\plexus-utils\3.1.0\plexus-utils-3.1.0.jar;C:\Users\vkjai\.m2\repository\org\jsoup\jsoup\1.11.3\jsoup-1.11.3.jar;C:\Users\vkjai\.m2\repository\com\googlecode\owasp-java-html-sanitizer\owasp-java-html-sanitizer\20180219.1\owasp-java-html-sanitizer-20180219.1.jar;C:\Users\vkjai\.m2\repository\commons-configuration\commons-configuration\1.10\commons-configuration-1.10.jar;C:\Users\vkjai\.m2\repository\commons-logging\commons-logging\1.1.1\commons-logging-1.1.1.jar;C:\Users\vkjai\.m2\repository\info\cukes\cucumber-core\1.2.5\cucumber-core-1.2.5.jar;C:\Users\vkjai\.m2\repository\info\cukes\cucumber-html\0.2.3\cucumber-html-0.2.3.jar;C:\Users\vkjai\.m2\repository\junit\junit\4.12\junit-4.12.jar;C:\Users\vkjai\.m2\repository\org\hamcrest\hamcrest-core\1.3\hamcrest-core-1.3.jar;"/>
    <property name="sun.cpu.endian" value="little"/>
    <property name="user.home" value="C:\Users\vkjai"/>
    <property name="user.language" value="en"/>
    <property name="java.specification.vendor" value="Oracle Corporation"/>
    <property name="java.home" value="C:\Program Files\Java\jdk1.8.0_162\jre"/>
    <property name="basedir" value="C:\Users\vkjai\eclipse-workspace\FreeCRMdemo_C"/>
    <property name="file.separator" value="\"/>
    <property name="line.separator" value="&#10;"/>
    <property name="java.vm.specification.vendor" value="Oracle Corporation"/>
    <property name="java.specification.name" value="Java Platform API Specification"/>
    <property name="java.awt.graphicsenv" value="sun.awt.Win32GraphicsEnvironment"/>
    <property name="surefire.real.class.path" value="C:\Users\vkjai\AppData\Local\Temp\surefire6109126357284958145\surefirebooter8271386386884764800.jar"/>
    <property name="sun.boot.class.path" value="C:\Program Files\Java\jdk1.8.0_162\jre\lib\resources.jar;C:\Program Files\Java\jdk1.8.0_162\jre\lib\rt.jar;C:\Program Files\Java\jdk1.8.0_162\jre\lib\sunrsasign.jar;C:\Program Files\Java\jdk1.8.0_162\jre\lib\jsse.jar;C:\Program Files\Java\jdk1.8.0_162\jre\lib\jce.jar;C:\Program Files\Java\jdk1.8.0_162\jre\lib\charsets.jar;C:\Program Files\Java\jdk1.8.0_162\jre\lib\jfr.jar;C:\Program Files\Java\jdk1.8.0_162\jre\classes"/>
    <property name="user.script" value=""/>
    <property name="sun.management.compiler" value="HotSpot 64-Bit Tiered Compilers"/>
    <property name="java.runtime.version" value="1.8.0_162-b12"/>
    <property name="user.name" value="vkjai"/>
    <property name="path.separator" value=";"/>
    <property name="os.version" value="10.0"/>
    <property name="java.endorsed.dirs" value="C:\Program Files\Java\jdk1.8.0_162\jre\lib\endorsed"/>
    <property name="java.runtime.name" value="Java(TM) SE Runtime Environment"/>
    <property name="file.encoding" value="Cp1252"/>
    <property name="java.vm.name" value="Java HotSpot(TM) 64-Bit Server VM"/>
    <property name="localRepository" value="C:\Users\vkjai\.m2\repository"/>
    <property name="java.vendor.url.bug" value="http://bugreport.sun.com/bugreport/"/>
    <property name="java.io.tmpdir" value="C:\Users\vkjai\AppData\Local\Temp\"/>
    <property name="java.version" value="1.8.0_162"/>
    <property name="user.dir" value="C:\Users\vkjai\eclipse-workspace\FreeCRMdemo_C"/>
    <property name="os.arch" value="amd64"/>
    <property name="java.vm.specification.name" value="Java Virtual Machine Specification"/>
    <property name="java.awt.printerjob" value="sun.awt.windows.WPrinterJob"/>
    <property name="sun.os.patch.level" value=""/>
    <property name="java.library.path" value="C:\Program Files\Java\jdk1.8.0_162\jre\bin;C:\WINDOWS\Sun\Java\bin;C:\WINDOWS\system32;C:\WINDOWS;C:/Program Files/Java/jdk1.8.0_162/bin/../jre/bin/server;C:/Program Files/Java/jdk1.8.0_162/bin/../jre/bin;C:/Program Files/Java/jdk1.8.0_162/bin/../jre/lib/amd64;C:\Program Files\Java\jdk1.8.0_162\bin;C:\Program Files\Apache\apache-maven-3.5.4\bin;C:\WINDOWS\system32;C:\WINDOWS;C:\WINDOWS\System32\Wbem;C:\WINDOWS\System32\WindowsPowerShell\v1.0\;C:\WINDOWS\System32\OpenSSH\;C:\Users\vkjai\AppData\Local\Microsoft\WindowsApps;;C:\Users\vkjai\Desktop;;."/>
    <property name="java.vm.info" value="mixed mode"/>
    <property name="java.vendor" value="Oracle Corporation"/>
    <property name="java.vm.version" value="25.162-b12"/>
    <property name="java.ext.dirs" value="C:\Program Files\Java\jdk1.8.0_162\jre\lib\ext;C:\WINDOWS\Sun\Java\lib\ext"/>
    <property name="sun.io.unicode.encoding" value="UnicodeLittle"/>
    <property name="java.class.version" value="52.0"/>
  </properties>
  <testcase name="Given user navigate to http://www.gcreddy.com/project1/login.php" classname="Scenario: Verify that user is able to login to application successfully with diff data driven methods" time="0.001"/>
  <testcase name="Given user navigate to http://www.gcreddy.com/project1/login.php" classname="Scenario: Verify that user is able to login to application successfully with diff data driven methods" time="0"/>
  <testcase name="Given user navigate to http://www.gcreddy.com/project1/login.php" classname="Scenario: Verify that user is able to login to application successfully with diff data driven methods" time="0"/>
  <testcase name="Given user navigate to http://www.gcreddy.com/project1/login.php" classname="Scenario: Verify that user is able to login to application successfully with diff data driven methods" time="0"/>
  <testcase name="When user enter emailid and password" classname="Scenario: Verify that user is able to login to application successfully with diff data driven methods" time="0"/>
  <testcase name="When user enter emailid and password" classname="Scenario: Verify that user is able to login to application successfully with diff data driven methods" time="0"/>
  <testcase name="And user clicks on sign in button" classname="Scenario: Verify that user is able to login to application successfully with diff data driven methods" time="0"/>
  <testcase name="And user clicks on sign in button" classname="Scenario: Verify that user is able to login to application successfully with diff data driven methods" time="0"/>
  <testcase name="And user clicks on sign in button" classname="Scenario: Verify that user is able to login to application successfully with diff data driven methods" time="0"/>
  <testcase name="And user clicks on sign in button" classname="Scenario: Verify that user is able to login to application successfully with diff data driven methods" time="0"/>
  <testcase name="Then User is on Home Page" classname="Scenario: Verify that user is able to login to application successfully with diff data driven methods" time="0"/>
  <testcase name="Then User is on Home Page" classname="Scenario: Verify that user is able to login to application successfully with diff data driven methods" time="0"/>
  <testcase name="Then User is on Home Page" classname="Scenario: Verify that user is able to login to application successfully with diff data driven methods" time="0"/>
  <testcase name="Then User is on Home Page" classname="Scenario: Verify that user is able to login to application successfully with diff data driven methods" time="0"/>
  <testcase name="When User close the browser" classname="Scenario: Verify that user is able to login to application successfully with diff data driven methods" time="0.001"/>
  <testcase name="When User close the browser" classname="Scenario: Verify that user is able to login to application successfully with diff data driven methods" time="0"/>
  <testcase name="When User close the browser" classname="Scenario: Verify that user is able to login to application successfully with diff data driven methods" time="0"/>
  <testcase name="When User close the browser" classname="Scenario: Verify that user is able to login to application successfully with diff data driven methods" time="0.001"/>
  <testcase name="Scenario: Verify that user is able to login to application successfully with diff data driven methods" classname="Scenario: Verify that user is able to login to application successfully with diff data driven methods" time="0.001"/>
  <testcase name="Scenario: Verify that user is able to login to application successfully with diff data driven methods" classname="Scenario: Verify that user is able to login to application successfully with diff data driven methods" time="0"/>
  <testcase name="Scenario: Verify that user is able to login to application successfully with diff data driven methods" classname="Scenario: Verify that user is able to login to application successfully with diff data driven methods" time="0"/>
  <testcase name="Scenario: Verify that user is able to login to application successfully with diff data driven methods" classname="Scenario: Verify that user is able to login to application successfully with diff data driven methods" time="0.001"/>
  <testcase name="When user enter emailid1 and password1" classname="Scenario: Verify that user is able to login to application successfully with diff data driven methods" time="0"/>
  <testcase name="When user enter emailid1 and password1" classname="Scenario: Verify that user is able to login to application successfully with diff data driven methods" time="0"/>
  <testcase name="Given user navigate to http://www.gcreddy.com/project1/login.php" classname="Scenario: Verify that user is able to login to application successfully" time="0"/>
  <testcase name="When user enter emailid &quot;Rahul1993@gmail.com&quot; and password &quot;Admin@123&quot;" classname="Scenario: Verify that user is able to login to application successfully" time="0"/>
  <testcase name="And user clicks on sign in button" classname="Scenario: Verify that user is able to login to application successfully" time="0"/>
  <testcase name="Then User is on Home Page" classname="Scenario: Verify that user is able to login to application successfully" time="0"/>
  <testcase name="When User close the browser" classname="Scenario: Verify that user is able to login to application successfully" time="0"/>
  <testcase name="Scenario: Verify that user is able to login to application successfully" classname="Scenario: Verify that user is able to login to application successfully" time="0.001"/>
  <testcase name="Given user navigate to http://www.gcreddy.com/project1/login.php" classname="| Rahul1993@gmail.com | Admin@123 |" time="0"/>
  <testcase name="When user enter emailid &quot;Rahul1993@gmail.com&quot; and password &quot;Admin@123&quot;" classname="| Rahul1993@gmail.com | Admin@123 |" time="0"/>
  <testcase name="And user clicks on sign in button" classname="| Rahul1993@gmail.com | Admin@123 |" time="0"/>
  <testcase name="Then User is on Home Page" classname="| Rahul1993@gmail.com | Admin@123 |" time="0.001"/>
  <testcase name="When User close the browser" classname="| Rahul1993@gmail.com | Admin@123 |" time="0"/>
  <testcase name="| Rahul1993@gmail.com | Admin@123 |" classname="| Rahul1993@gmail.com | Admin@123 |" time="0.002"/>
</testsuite>